'2024-09-09 12:59' — __main__ — INFO — <module>:27 — NEW RUN
'2024-09-09 12:59' — __main__ — DEBUG — <module>:28 — ['-dot']
'2024-09-09 12:59' — __dotplot__ — INFO — draw:106 — Setting up confusion
'2024-09-09 12:59' — __dotplot__ — INFO — draw:111 — Computing confusion
'2024-09-09 12:59' — __dotplot__ — INFO — draw:157 — Plotting result
'2024-09-09 13:00' — __main__ — INFO — <module>:27 — NEW RUN
'2024-09-09 13:00' — __main__ — DEBUG — <module>:28 — ['-dot']
'2024-09-09 13:00' — __dotplot__ — INFO — draw:106 — Setting up confusion
'2024-09-09 13:00' — __dotplot__ — INFO — draw:111 — Computing confusion
'2024-09-09 13:00' — __dotplot__ — INFO — draw:157 — Plotting result
'2024-09-09 13:01' — __main__ — INFO — <module>:27 — NEW RUN
'2024-09-09 13:01' — __main__ — DEBUG — <module>:28 — ['-dot']
'2024-09-09 13:01' — __dotplot__ — INFO — draw:106 — Setting up confusion
'2024-09-09 13:01' — __dotplot__ — INFO — draw:111 — Computing confusion
'2024-09-09 13:01' — __dotplot__ — INFO — draw:157 — Plotting result
'2024-09-09 13:01' — __main__ — INFO — <module>:27 — NEW RUN
'2024-09-09 13:01' — __main__ — DEBUG — <module>:28 — ['-dot']
'2024-09-09 13:01' — __dotplot__ — INFO — draw:106 — Setting up confusion
'2024-09-09 13:01' — __dotplot__ — INFO — draw:111 — Computing confusion
'2024-09-09 13:02' — __dotplot__ — INFO — draw:157 — Plotting result
'2024-09-09 13:02' — __main__ — INFO — <module>:27 — NEW RUN
'2024-09-09 13:02' — __main__ — DEBUG — <module>:28 — ['-dot']
'2024-09-09 13:02' — __dotplot__ — INFO — draw:106 — Setting up confusion
'2024-09-09 13:02' — __dotplot__ — INFO — draw:111 — Computing confusion
'2024-09-09 13:02' — __main__ — INFO — <module>:27 — NEW RUN
'2024-09-09 13:02' — __main__ — DEBUG — <module>:28 — ['-dot']
'2024-09-09 13:02' — __dotplot__ — INFO — draw:106 — Setting up confusion
'2024-09-09 13:02' — __dotplot__ — INFO — draw:111 — Computing confusion
'2024-09-09 13:02' — __dotplot__ — INFO — draw:157 — Plotting result
'2024-09-09 13:03' — __main__ — INFO — <module>:27 — NEW RUN
'2024-09-09 13:03' — __main__ — DEBUG — <module>:28 — ['-dot']
'2024-09-09 13:03' — __dotplot__ — INFO — draw:106 — Setting up confusion
'2024-09-09 13:03' — __dotplot__ — INFO — draw:111 — Computing confusion
'2024-09-09 13:03' — __dotplot__ — INFO — draw:157 — Plotting result
'2024-09-09 13:09' — __main__ — INFO — <module>:27 — NEW RUN
'2024-09-09 13:09' — __main__ — DEBUG — <module>:28 — ['-dot']
'2024-09-09 13:09' — __dotplot__ — INFO — draw:106 — Setting up confusion
'2024-09-09 13:09' — __dotplot__ — INFO — draw:111 — Computing confusion
'2024-09-09 13:09' — __dotplot__ — INFO — draw:157 — Plotting result
'2024-09-09 13:15' — __main__ — INFO — <module>:27 — NEW RUN
'2024-09-09 13:15' — __main__ — DEBUG — <module>:28 — ['-dot']
'2024-09-09 13:15' — __dotplot__ — INFO — draw:106 — Setting up confusion
'2024-09-09 13:15' — __dotplot__ — INFO — draw:111 — Computing confusion
'2024-09-09 13:15' — __dotplot__ — INFO — draw:157 — Plotting result
'2024-09-09 13:19' — __main__ — INFO — <module>:27 — NEW RUN
'2024-09-09 13:19' — __main__ — DEBUG — <module>:28 — ['-dot']
'2024-09-09 13:19' — __dotplot__ — INFO — draw:106 — Setting up confusion
'2024-09-09 13:19' — __dotplot__ — INFO — draw:111 — Computing confusion
'2024-09-09 13:19' — __dotplot__ — INFO — draw:157 — Plotting result
